\BOOKMARK [1][-]{section.1}{\376\377\000I\000n\000t\000r\000o\000d\000u\000c\000t\000i\000o\000n}{}% 1
\BOOKMARK [2][-]{subsection.1.1}{\376\377\000P\000r\000\351\000a\000m\000b\000u\000l\000e}{section.1}% 2
\BOOKMARK [2][-]{subsection.1.2}{\376\377\000R\000\351\000p\000a\000r\000t\000i\000t\000i\000o\000n\000\040\000d\000e\000s\000\040\000t\000\342\000c\000h\000e\000s}{section.1}% 3
\BOOKMARK [2][-]{subsection.1.3}{\376\377\000C\000h\000o\000i\000x\000\040\000t\000e\000c\000h\000n\000i\000q\000u\000e\000s}{section.1}% 4
\BOOKMARK [3][-]{subsubsection.1.3.1}{\376\377\000L\000a\000n\000g\000a\000g\000e}{subsection.1.3}% 5
\BOOKMARK [3][-]{subsubsection.1.3.2}{\376\377\000B\000a\000s\000e\000\040\000d\000e\000\040\000d\000o\000n\000n\000\351\000e\000s}{subsection.1.3}% 6
\BOOKMARK [3][-]{subsubsection.1.3.3}{\376\377\000O\000u\000t\000i\000l\000s}{subsection.1.3}% 7
\BOOKMARK [3][-]{subsubsection.1.3.4}{\376\377\000S\000t\000r\000u\000c\000t\000u\000r\000e\000\040\000d\000e\000s\000\040\000a\000p\000p\000l\000i\000c\000a\000t\000i\000o\000n\000s}{subsection.1.3}% 8
\BOOKMARK [3][-]{subsubsection.1.3.5}{\376\377\000I\000d\000e\000n\000t\000i\000f\000i\000a\000n\000t\000s\000\040\000p\000o\000u\000r\000\040\000l\000e\000s\000\040\000t\000e\000s\000t\000s}{subsection.1.3}% 9
\BOOKMARK [1][-]{section.2}{\376\377\000A\000p\000p\000l\000i\000c\000a\000t\000i\000o\000n\000\040\000c\000l\000i\000e\000n\000t}{}% 10
\BOOKMARK [2][-]{subsection.2.1}{\376\377\000A\000p\000p\000l\000i\000c\000a\000t\000i\000o\000n\000\040\000p\000o\000u\000r\000\040\000l\000e\000s\000\040\000c\000l\000i\000e\000n\000t\000s}{section.2}% 11
\BOOKMARK [1][-]{section.3}{\376\377\000S\000e\000r\000v\000e\000u\000r}{}% 12
\BOOKMARK [2][-]{subsection.3.1}{\376\377\000A\000P\000I}{section.3}% 13
\BOOKMARK [2][-]{subsection.3.2}{\376\377\000B\000a\000s\000e\000\040\000d\000e\000\040\000d\000o\000n\000n\000\351\000e\000s}{section.3}% 14
\BOOKMARK [2][-]{subsection.3.3}{\376\377\000T\000e\000s\000t\000s\000\040\000u\000n\000i\000t\000a\000i\000r\000e\000s}{section.3}% 15
\BOOKMARK [1][-]{section.4}{\376\377\000J\000W\000T}{}% 16
\BOOKMARK [1][-]{section.5}{\376\377\000E\000x\000t\000e\000n\000s\000i\000o\000n\000s}{}% 17
\BOOKMARK [2][-]{subsection.5.1}{\376\377\000E\000x\000t\000e\000n\000s\000i\000o\000n\000\040\0004\000\040\000-\000\040\000A\000n\000a\000l\000y\000s\000e\000\040\000s\000t\000a\000t\000i\000s\000t\000i\000q\000u\000e\000\040\000d\000e\000\040\000l\000a\000\040\000c\000o\000n\000s\000o\000m\000m\000a\000t\000i\000o\000n\000\040\000\351\000n\000e\000r\000g\000\351\000t\000i\000q\000u\000e\000\040\000-\000\040\000G\000i\000l\000l\000e\000s\000\040\000J\000a\000u\000n\000a\000r\000t}{section.5}% 18
\BOOKMARK [3][-]{subsubsection.5.1.1}{\376\377\000D\000e\000s\000c\000r\000i\000p\000t\000i\000o\000n\000\040\000d\000e\000\040\000l\000'\000e\000x\000t\000e\000n\000s\000i\000o\000n\000\040\000:}{subsection.5.1}% 19
\BOOKMARK [3][-]{subsubsection.5.1.2}{\376\377\000V\000i\000d\000\351\000o\000\040\000d\000e\000\040\000p\000r\000\351\000s\000e\000n\000t\000a\000t\000i\000o\000n\000\040\000d\000e\000s\000\040\000f\000o\000n\000c\000t\000i\000o\000n\000n\000a\000l\000i\000t\000\351\000s}{subsection.5.1}% 20
\BOOKMARK [3][-]{subsubsection.5.1.3}{\376\377\000A\000v\000a\000n\000t\000a\000g\000e\000s\000\040\000e\000t\000\040\000i\000n\000c\000o\000n\000v\000\351\000n\000i\000e\000n\000t\000s}{subsection.5.1}% 21
\BOOKMARK [3][-]{subsubsection.5.1.4}{\376\377\000F\000o\000n\000c\000t\000i\000o\000n\000n\000a\000l\000i\000t\000\351\000s\000\040\000m\000a\000n\000q\000u\000a\000n\000t\000e\000s}{subsection.5.1}% 22
\BOOKMARK [2][-]{subsection.5.2}{\376\377\000E\000x\000t\000e\000n\000s\000i\000o\000n\000\040\0005\000\040\000-\000\040\000A\000u\000t\000o\000-\000p\000r\000o\000d\000u\000c\000t\000i\000o\000n\000\040\000d\000'\000\351\000n\000e\000r\000g\000i\000e\000\040\000-\000\040\000J\000\351\000r\000\351\000m\000y\000\040\000D\000e\000l\000n\000a\000t\000t\000e}{section.5}% 23
\BOOKMARK [3][-]{subsubsection.5.2.1}{\376\377\000I\000n\000t\000r\000o\000d\000u\000c\000t\000i\000o\000n}{subsection.5.2}% 24
\BOOKMARK [3][-]{subsubsection.5.2.2}{\376\377\000A\000P\000I}{subsection.5.2}% 25
\BOOKMARK [3][-]{subsubsection.5.2.3}{\376\377\000A\000p\000p\000l\000i\000c\000a\000t\000i\000o\000n\000\040\000c\000l\000i\000e\000n\000t}{subsection.5.2}% 26
\BOOKMARK [2][-]{subsection.5.3}{\376\377\000E\000x\000t\000e\000n\000s\000i\000o\000n\000\040\0007\000\040\000-\000\040\000F\000a\000c\000t\000u\000r\000a\000t\000i\000o\000n\000\040\000e\000t\000\040\000p\000a\000i\000e\000m\000e\000n\000t\000\040\000d\000'\000a\000c\000o\000m\000p\000t\000e\000s\000\040\000-\000\040\000G\000o\000d\000w\000i\000l\000l\000\040\000L\000O\000U\000H\000O\000U}{section.5}% 27
\BOOKMARK [3][-]{subsubsection.5.3.1}{\376\377\000I\000n\000t\000r\000o\000d\000u\000c\000t\000i\000o\000n}{subsection.5.3}% 28
\BOOKMARK [3][-]{subsubsection.5.3.2}{\376\377\000B\000a\000s\000e\000\040\000d\000e\000\040\000d\000o\000n\000n\000\351\000e\000s}{subsection.5.3}% 29
\BOOKMARK [1][-]{section.6}{\376\377\000I\000n\000s\000t\000a\000l\000l\000a\000t\000i\000o\000n}{}% 30
\BOOKMARK [2][-]{subsection.6.1}{\376\377\000I\000n\000s\000t\000r\000u\000c\000t\000i\000o\000n\000s\000\040\000d\000'\000i\000n\000s\000t\000a\000l\000l\000a\000t\000i\000o\000n}{section.6}% 31
\BOOKMARK [1][-]{section.7}{\376\377\000C\000o\000n\000c\000l\000u\000s\000i\000o\000n}{}% 32
